160
138
200
171
112
130
151
197
116
94
147
182
49
161
101
156
10
39
70
78
98
3
7
42
51
84
91
8
155
20
36
178
99
77
59
61
23
79
195
175
176
193
6
95
149
198
62
121
5
18
134
169
192
122
124
32
56
119
128
153
164
48
33
100
46
166
71
82
76
114
135
92
183
13
117
4
16
30
90
186
12
21
167
11
143
54
72
38
57
26
152
187
104
174
173
15
19
191
87
181
126
25
58
34
157
63
107
53
189
108
133
185
159
179
89
47
81
27
177
37
93
168
136
188
111
194
2
144
125
64
106
113
148
86
141
55
65
184
190
66
165
180
68
103
154
41
24
73
146
